<?xml version="1.0" encoding="UTF-8"?>
<testsuite xmlns:xsi="http://www.w3.org/2001/XMLSchema-instance" xsi:noNamespaceSchemaLocation="https://maven.apache.org/surefire/maven-surefire-plugin/xsd/surefire-test-report.xsd" version="3.0.2" name="com.example.room_service.RoomServiceApplicationTests" time="4.244" tests="1" errors="0" skipped="0" failures="0">
  <properties>
[...]
</properties>
  <testcase name="contextLoads" classname="com.example.room_service.RoomServiceApplicationTests" time="0.425">
    <system-out><![CDATA[20:08:19.433 [main] INFO org.springframework.test.context.support.AnnotationConfigContextLoaderUtils -- Could not detect default configuration classes for test class [com.example.room_service.RoomServiceApplicationTests]: RoomServiceApplicationTests does not declare any static, non-private, non-final, nested classes annotated with @Configuration.
20:08:19.548 [main] INFO org.springframework.boot.test.context.SpringBootTestContextBootstrapper -- Found @SpringBootConfiguration com.example.room_service.RoomServiceApplication for test class com.example.room_service.RoomServiceApplicationTests

  .   ____          _            __ _ _
 /\\ / ___'_ __ _ _(_)_ __  __ _ \ \ \ \
( ( )\___ | '_ | '_| | '_ \/ _` | \ \ \ \
 \\/  ___)| |_)| | | | | || (_| |  ) ) ) )
  '  |____| .__|_| |_|_| |_\__, | / / / /
 =========|_|==============|___/=/_/_/_/

 :: Spring Boot ::                (v3.5.3)

2025-06-28T20:08:19.964+05:30  INFO 3400 --- [room-service] [           main] c.e.r.RoomServiceApplicationTests        : Starting RoomServiceApplicationTests using Java 17.0.12 with PID 3400 (started by DELL in C:\EAD2\hotel-management\room-service)
2025-06-28T20:08:19.966+05:30  INFO 3400 --- [room-service] [           main] c.e.r.RoomServiceApplicationTests        : No active profile set, falling back to 1 default profile: "default"
2025-06-28T20:08:20.582+05:30  INFO 3400 --- [room-service] [           main] .s.d.r.c.RepositoryConfigurationDelegate : Bootstrapping Spring Data JPA repositories in DEFAULT mode.
2025-06-28T20:08:20.638+05:30  INFO 3400 --- [room-service] [           main] .s.d.r.c.RepositoryConfigurationDelegate : Finished Spring Data repository scanning in 46 ms. Found 1 JPA repository interface.
2025-06-28T20:08:21.025+05:30  INFO 3400 --- [room-service] [           main] com.zaxxer.hikari.HikariDataSource       : HikariPool-1 - Starting...
2025-06-28T20:08:21.314+05:30  INFO 3400 --- [room-service] [           main] com.zaxxer.hikari.pool.HikariPool        : HikariPool-1 - Added connection com.mysql.cj.jdbc.ConnectionImpl@dd3f8aa
2025-06-28T20:08:21.316+05:30  INFO 3400 --- [room-service] [           main] com.zaxxer.hikari.HikariDataSource       : HikariPool-1 - Start completed.
2025-06-28T20:08:21.362+05:30  INFO 3400 --- [room-service] [           main] o.hibernate.jpa.internal.util.LogHelper  : HHH000204: Processing PersistenceUnitInfo [name: default]
2025-06-28T20:08:21.404+05:30  INFO 3400 --- [room-service] [           main] org.hibernate.Version                    : HHH000412: Hibernate ORM core version 6.6.18.Final
2025-06-28T20:08:21.435+05:30  INFO 3400 --- [room-service] [           main] o.h.c.internal.RegionFactoryInitiator    : HHH000026: Second-level cache disabled
2025-06-28T20:08:21.752+05:30  INFO 3400 --- [room-service] [           main] o.s.o.j.p.SpringPersistenceUnitInfo      : No LoadTimeWeaver setup: ignoring JPA class transformer
2025-06-28T20:08:21.851+05:30  WARN 3400 --- [room-service] [           main] org.hibernate.dialect.Dialect            : HHH000511: The 5.5.5 version for [org.hibernate.dialect.MySQLDialect] is no longer supported, hence certain features may not work properly. The minimum supported version is 8.0.0. Check the community dialects project for available legacy versions.
2025-06-28T20:08:21.868+05:30  INFO 3400 --- [room-service] [           main] org.hibernate.orm.connections.pooling    : HHH10001005: Database info:
	Database JDBC URL [Connecting through datasource 'HikariDataSource (HikariPool-1)']
	Database driver: undefined/unknown
	Database version: 5.5.5
	Autocommit mode: undefined/unknown
	Isolation level: undefined/unknown
	Minimum pool size: undefined/unknown
	Maximum pool size: undefined/unknown
2025-06-28T20:08:22.476+05:30  INFO 3400 --- [room-service] [           main] o.h.e.t.j.p.i.JtaPlatformInitiator       : HHH000489: No JTA platform available (set 'hibernate.transaction.jta.platform' to enable JTA platform integration)
2025-06-28T20:08:22.479+05:30  INFO 3400 --- [room-service] [           main] j.LocalContainerEntityManagerFactoryBean : Initialized JPA EntityManagerFactory for persistence unit 'default'
2025-06-28T20:08:22.762+05:30  WARN 3400 --- [room-service] [           main] JpaBaseConfiguration$JpaWebConfiguration : spring.jpa.open-in-view is enabled by default. Therefore, database queries may be performed during view rendering. Explicitly configure spring.jpa.open-in-view to disable this warning
2025-06-28T20:08:23.121+05:30  INFO 3400 --- [room-service] [           main] c.e.r.RoomServiceApplicationTests        : Started RoomServiceApplicationTests in 3.415 seconds (process running for 4.466)
]]></system-out>
  </testcase>
</testsuite>